commit 52b95b5501ffbbef76ec3652ca043d6238b2f28f
Author: fernandospvm <9401422@alumnos.ufv.es>
Date:   Thu Dec 12 20:32:01 2024 +0100

    Correcting spelling mistakes

commit 4d3a4d0219684d35d8bf4b388bcdbbb4509a9fa9
Author: fernandospvm <9401422@alumnos.ufv.es>
Date:   Thu Dec 12 20:27:34 2024 +0100

    Correcting a spelling mistake in the README file

commit 5a8e8435870d16dca33b336b59182fc0e221014c
Author: fernandospvm <9401422@alumnos.ufv.es>
Date:   Thu Dec 12 20:25:07 2024 +0100

    Adding content in html and images folder

commit 7a53bbea3a01cefd39865217b79d964a2a50fb58
Author: fernandospvm <9401422@alumnos.ufv.es>
Date:   Thu Dec 12 20:01:09 2024 +0100

    Adding header and footer in html file, styles are included too

commit 08b0279da7791d5df1a64b207848bf1820750da3
Author: fernandospvm <9401422@alumnos.ufv.es>
Date:   Thu Dec 12 19:46:34 2024 +0100

    Adding basic structure in html file

commit 13871d00f868da68db904a66fb14feba64448297
Author: fernandospvm <9401422@alumnos.ufv.es>
Date:   Thu Dec 12 19:37:20 2024 +0100

    Initial commit
